Wed May 27 22:30:55 CEST 2015 DEBUG:Slick Build #237
Wed May 27 22:30:55 CEST 2015 DEBUG:LWJGL Version: 2.9.2
Wed May 27 22:30:55 CEST 2015 DEBUG:OriginalDisplayMode: 1600 x 900 x 32 @60Hz
Wed May 27 22:30:55 CEST 2015 DEBUG:TargetDisplayMode: 1056 x 640 x 0 @0Hz
Wed May 27 22:30:55 CEST 2015 DEBUG:Starting display 1056x640
Wed May 27 22:30:55 CEST 2015 DEBUG:Use Java PNG Loader = true
Wed May 27 22:30:55 CEST 2015 DEBUG:Found 2 controllers
Wed May 27 22:30:55 CEST 2015 DEBUG:0 : USB Receiver
Wed May 27 22:30:55 CEST 2015 DEBUG:1 : USB Receiver
Wed May 27 22:30:55 CEST 2015 DEBUG:class org.newdawn.slick.opengl.PNGImageData failed to read the data
Wed May 27 22:30:59 CEST 2015 DEBUG:null
Wed May 27 22:30:59 CEST 2015 DEBUG:Game.render() failure - check the game code.
Wed May 27 22:54:35 CEST 2015 DEBUG:Slick Build #237
Wed May 27 22:54:35 CEST 2015 DEBUG:LWJGL Version: 2.9.2
Wed May 27 22:54:35 CEST 2015 DEBUG:OriginalDisplayMode: 1600 x 900 x 32 @60Hz
Wed May 27 22:54:35 CEST 2015 DEBUG:TargetDisplayMode: 1056 x 640 x 0 @0Hz
Wed May 27 22:54:35 CEST 2015 DEBUG:Starting display 1056x640
Wed May 27 22:54:35 CEST 2015 DEBUG:Use Java PNG Loader = true
Wed May 27 22:54:35 CEST 2015 DEBUG:Found 2 controllers
Wed May 27 22:54:35 CEST 2015 DEBUG:0 : USB Receiver
Wed May 27 22:54:35 CEST 2015 DEBUG:1 : USB Receiver
Wed May 27 22:54:35 CEST 2015 DEBUG:class org.newdawn.slick.opengl.PNGImageData failed to read the data
Wed May 27 22:54:40 CEST 2015 DEBUG:null
Wed May 27 22:54:40 CEST 2015 DEBUG:Game.render() failure - check the game code.
Wed May 27 22:55:26 CEST 2015 DEBUG:Slick Build #237
Wed May 27 22:55:26 CEST 2015 DEBUG:LWJGL Version: 2.9.2
Wed May 27 22:55:26 CEST 2015 DEBUG:OriginalDisplayMode: 1600 x 900 x 32 @60Hz
Wed May 27 22:55:26 CEST 2015 DEBUG:TargetDisplayMode: 1056 x 640 x 0 @0Hz
Wed May 27 22:55:26 CEST 2015 DEBUG:Starting display 1056x640
Wed May 27 22:55:26 CEST 2015 DEBUG:Use Java PNG Loader = true
Wed May 27 22:55:26 CEST 2015 DEBUG:Found 2 controllers
Wed May 27 22:55:26 CEST 2015 DEBUG:0 : USB Receiver
Wed May 27 22:55:26 CEST 2015 DEBUG:1 : USB Receiver
Wed May 27 22:55:26 CEST 2015 DEBUG:class org.newdawn.slick.opengl.PNGImageData failed to read the data
Wed May 27 22:59:02 CEST 2015 DEBUG:Slick Build #237
Wed May 27 22:59:02 CEST 2015 DEBUG:LWJGL Version: 2.9.2
Wed May 27 22:59:02 CEST 2015 DEBUG:OriginalDisplayMode: 1600 x 900 x 32 @60Hz
Wed May 27 22:59:02 CEST 2015 DEBUG:TargetDisplayMode: 1056 x 640 x 0 @0Hz
Wed May 27 22:59:02 CEST 2015 DEBUG:Starting display 1056x640
Wed May 27 22:59:02 CEST 2015 DEBUG:Use Java PNG Loader = true
Wed May 27 22:59:02 CEST 2015 DEBUG:Found 2 controllers
Wed May 27 22:59:02 CEST 2015 DEBUG:0 : USB Receiver
Wed May 27 22:59:02 CEST 2015 DEBUG:1 : USB Receiver
Wed May 27 22:59:02 CEST 2015 DEBUG:class org.newdawn.slick.opengl.PNGImageData failed to read the data
Wed May 27 22:59:07 CEST 2015 DEBUG:Slick Build #237
Wed May 27 22:59:07 CEST 2015 DEBUG:LWJGL Version: 2.9.2
Wed May 27 22:59:07 CEST 2015 DEBUG:OriginalDisplayMode: 1600 x 900 x 32 @60Hz
Wed May 27 22:59:07 CEST 2015 DEBUG:TargetDisplayMode: 1056 x 640 x 0 @0Hz
Wed May 27 22:59:07 CEST 2015 DEBUG:Starting display 1056x640
Wed May 27 22:59:07 CEST 2015 DEBUG:Use Java PNG Loader = true
Wed May 27 22:59:07 CEST 2015 DEBUG:Found 2 controllers
Wed May 27 22:59:07 CEST 2015 DEBUG:0 : USB Receiver
Wed May 27 22:59:07 CEST 2015 DEBUG:1 : USB Receiver
Wed May 27 22:59:07 CEST 2015 DEBUG:class org.newdawn.slick.opengl.PNGImageData failed to read the data
Wed May 27 22:59:13 CEST 2015 DEBUG:PAS ENCORE FAITE
Wed May 27 22:59:13 CEST 2015 DEBUG:Game.update() failure - check the game code.
Wed May 27 23:04:41 CEST 2015 DEBUG:Slick Build #237
Wed May 27 23:04:41 CEST 2015 DEBUG:LWJGL Version: 2.9.2
Wed May 27 23:04:41 CEST 2015 DEBUG:OriginalDisplayMode: 1600 x 900 x 32 @60Hz
Wed May 27 23:04:41 CEST 2015 DEBUG:TargetDisplayMode: 1056 x 640 x 0 @0Hz
Wed May 27 23:04:41 CEST 2015 DEBUG:Starting display 1056x640
Wed May 27 23:04:41 CEST 2015 DEBUG:Use Java PNG Loader = true
Wed May 27 23:04:41 CEST 2015 DEBUG:Found 2 controllers
Wed May 27 23:04:41 CEST 2015 DEBUG:0 : USB Receiver
Wed May 27 23:04:41 CEST 2015 DEBUG:1 : USB Receiver
Wed May 27 23:04:41 CEST 2015 DEBUG:class org.newdawn.slick.opengl.PNGImageData failed to read the data
Wed May 27 23:05:35 CEST 2015 DEBUG:Slick Build #237
Wed May 27 23:05:35 CEST 2015 DEBUG:LWJGL Version: 2.9.2
Wed May 27 23:05:35 CEST 2015 DEBUG:OriginalDisplayMode: 1600 x 900 x 32 @60Hz
Wed May 27 23:05:35 CEST 2015 DEBUG:TargetDisplayMode: 1056 x 640 x 0 @0Hz
Wed May 27 23:05:35 CEST 2015 DEBUG:Starting display 1056x640
Wed May 27 23:05:35 CEST 2015 DEBUG:Use Java PNG Loader = true
Wed May 27 23:05:35 CEST 2015 DEBUG:Found 2 controllers
Wed May 27 23:05:35 CEST 2015 DEBUG:0 : USB Receiver
Wed May 27 23:05:35 CEST 2015 DEBUG:1 : USB Receiver
Wed May 27 23:05:35 CEST 2015 DEBUG:class org.newdawn.slick.opengl.PNGImageData failed to read the data
Wed May 27 23:05:42 CEST 2015 DEBUG:Slick Build #237
Wed May 27 23:05:42 CEST 2015 DEBUG:LWJGL Version: 2.9.2
Wed May 27 23:05:42 CEST 2015 DEBUG:OriginalDisplayMode: 1600 x 900 x 32 @60Hz
Wed May 27 23:05:42 CEST 2015 DEBUG:TargetDisplayMode: 1056 x 640 x 0 @0Hz
Wed May 27 23:05:42 CEST 2015 DEBUG:Starting display 1056x640
Wed May 27 23:05:42 CEST 2015 DEBUG:Use Java PNG Loader = true
Wed May 27 23:05:42 CEST 2015 DEBUG:Found 2 controllers
Wed May 27 23:05:42 CEST 2015 DEBUG:0 : USB Receiver
Wed May 27 23:05:42 CEST 2015 DEBUG:1 : USB Receiver
Wed May 27 23:05:42 CEST 2015 DEBUG:class org.newdawn.slick.opengl.PNGImageData failed to read the data
Wed May 27 23:07:37 CEST 2015 DEBUG:Slick Build #237
Wed May 27 23:07:37 CEST 2015 DEBUG:LWJGL Version: 2.9.2
Wed May 27 23:07:37 CEST 2015 DEBUG:OriginalDisplayMode: 1600 x 900 x 32 @60Hz
Wed May 27 23:07:37 CEST 2015 DEBUG:TargetDisplayMode: 1056 x 640 x 0 @0Hz
Wed May 27 23:07:37 CEST 2015 DEBUG:Starting display 1056x640
Wed May 27 23:07:37 CEST 2015 DEBUG:Use Java PNG Loader = true
Wed May 27 23:07:37 CEST 2015 DEBUG:Found 2 controllers
Wed May 27 23:07:37 CEST 2015 DEBUG:0 : USB Receiver
Wed May 27 23:07:37 CEST 2015 DEBUG:1 : USB Receiver
Wed May 27 23:07:37 CEST 2015 DEBUG:class org.newdawn.slick.opengl.PNGImageData failed to read the data
Wed May 27 23:08:04 CEST 2015 DEBUG:Slick Build #237
Wed May 27 23:08:04 CEST 2015 DEBUG:LWJGL Version: 2.9.2
Wed May 27 23:08:04 CEST 2015 DEBUG:OriginalDisplayMode: 1600 x 900 x 32 @60Hz
Wed May 27 23:08:04 CEST 2015 DEBUG:TargetDisplayMode: 1056 x 640 x 0 @0Hz
Wed May 27 23:08:04 CEST 2015 DEBUG:Starting display 1056x640
Wed May 27 23:08:04 CEST 2015 DEBUG:Use Java PNG Loader = true
Wed May 27 23:08:04 CEST 2015 DEBUG:Found 2 controllers
Wed May 27 23:08:04 CEST 2015 DEBUG:0 : USB Receiver
Wed May 27 23:08:04 CEST 2015 DEBUG:1 : USB Receiver
Wed May 27 23:08:04 CEST 2015 DEBUG:class org.newdawn.slick.opengl.PNGImageData failed to read the data
Wed May 27 23:08:14 CEST 2015 DEBUG:Slick Build #237
Wed May 27 23:08:14 CEST 2015 DEBUG:LWJGL Version: 2.9.2
Wed May 27 23:08:14 CEST 2015 DEBUG:OriginalDisplayMode: 1600 x 900 x 32 @60Hz
Wed May 27 23:08:14 CEST 2015 DEBUG:TargetDisplayMode: 1056 x 640 x 0 @0Hz
Wed May 27 23:08:14 CEST 2015 DEBUG:Starting display 1056x640
Wed May 27 23:08:14 CEST 2015 DEBUG:Use Java PNG Loader = true
Wed May 27 23:08:15 CEST 2015 DEBUG:Found 2 controllers
Wed May 27 23:08:15 CEST 2015 DEBUG:0 : USB Receiver
Wed May 27 23:08:15 CEST 2015 DEBUG:1 : USB Receiver
Wed May 27 23:08:15 CEST 2015 DEBUG:class org.newdawn.slick.opengl.PNGImageData failed to read the data
Wed May 27 23:08:57 CEST 2015 DEBUG:Slick Build #237
Wed May 27 23:08:57 CEST 2015 DEBUG:LWJGL Version: 2.9.2
Wed May 27 23:08:57 CEST 2015 DEBUG:OriginalDisplayMode: 1600 x 900 x 32 @60Hz
Wed May 27 23:08:57 CEST 2015 DEBUG:TargetDisplayMode: 1056 x 640 x 0 @0Hz
Wed May 27 23:08:57 CEST 2015 DEBUG:Starting display 1056x640
Wed May 27 23:08:57 CEST 2015 DEBUG:Use Java PNG Loader = true
Wed May 27 23:08:57 CEST 2015 DEBUG:Found 2 controllers
Wed May 27 23:08:57 CEST 2015 DEBUG:0 : USB Receiver
Wed May 27 23:08:57 CEST 2015 DEBUG:1 : USB Receiver
Wed May 27 23:08:57 CEST 2015 DEBUG:class org.newdawn.slick.opengl.PNGImageData failed to read the data
Wed May 27 23:10:33 CEST 2015 DEBUG:Slick Build #237
Wed May 27 23:10:33 CEST 2015 DEBUG:LWJGL Version: 2.9.2
Wed May 27 23:10:33 CEST 2015 DEBUG:OriginalDisplayMode: 1600 x 900 x 32 @60Hz
Wed May 27 23:10:33 CEST 2015 DEBUG:TargetDisplayMode: 1056 x 640 x 0 @0Hz
Wed May 27 23:10:33 CEST 2015 DEBUG:Starting display 1056x640
Wed May 27 23:10:33 CEST 2015 DEBUG:Use Java PNG Loader = true
Wed May 27 23:10:33 CEST 2015 DEBUG:Found 2 controllers
Wed May 27 23:10:33 CEST 2015 DEBUG:0 : USB Receiver
Wed May 27 23:10:33 CEST 2015 DEBUG:1 : USB Receiver
Wed May 27 23:10:33 CEST 2015 DEBUG:class org.newdawn.slick.opengl.PNGImageData failed to read the data
Wed May 27 23:19:45 CEST 2015 DEBUG:Slick Build #237
Wed May 27 23:19:45 CEST 2015 DEBUG:LWJGL Version: 2.9.2
Wed May 27 23:19:45 CEST 2015 DEBUG:OriginalDisplayMode: 1600 x 900 x 32 @60Hz
Wed May 27 23:19:45 CEST 2015 DEBUG:TargetDisplayMode: 1056 x 640 x 0 @0Hz
Wed May 27 23:19:45 CEST 2015 DEBUG:Starting display 1056x640
Wed May 27 23:19:45 CEST 2015 DEBUG:Use Java PNG Loader = true
Wed May 27 23:19:46 CEST 2015 DEBUG:Found 2 controllers
Wed May 27 23:19:46 CEST 2015 DEBUG:0 : USB Receiver
Wed May 27 23:19:46 CEST 2015 DEBUG:1 : USB Receiver
Wed May 27 23:19:46 CEST 2015 DEBUG:class org.newdawn.slick.opengl.PNGImageData failed to read the data
Wed May 27 23:31:36 CEST 2015 DEBUG:Slick Build #237
Wed May 27 23:31:36 CEST 2015 DEBUG:LWJGL Version: 2.9.2
Wed May 27 23:31:36 CEST 2015 DEBUG:OriginalDisplayMode: 1600 x 900 x 32 @60Hz
Wed May 27 23:31:36 CEST 2015 DEBUG:TargetDisplayMode: 1056 x 640 x 0 @0Hz
Wed May 27 23:31:36 CEST 2015 DEBUG:Starting display 1056x640
Wed May 27 23:31:36 CEST 2015 DEBUG:Use Java PNG Loader = true
Wed May 27 23:31:36 CEST 2015 DEBUG:Found 2 controllers
Wed May 27 23:31:36 CEST 2015 DEBUG:0 : USB Receiver
Wed May 27 23:31:36 CEST 2015 DEBUG:1 : USB Receiver
Wed May 27 23:31:36 CEST 2015 DEBUG:class org.newdawn.slick.opengl.PNGImageData failed to read the data
