Fri May 22 01:25:47 CEST 2015 DEBUG:Slick Build #237Fri May 22 01:25:47 CEST 2015 DEBUG:LWJGL Version: 2.9.2Fri May 22 01:25:47 CEST 2015 DEBUG:OriginalDisplayMode: 1600 x 900 x 32 @60HzFri May 22 01:25:47 CEST 2015 DEBUG:TargetDisplayMode: 1056 x 640 x 0 @0HzFri May 22 01:25:48 CEST 2015 DEBUG:Starting display 1056x640Fri May 22 01:25:48 CEST 2015 DEBUG:Use Java PNG Loader = trueFri May 22 01:25:48 CEST 2015 DEBUG:Found 2 controllersFri May 22 01:25:48 CEST 2015 DEBUG:0 : USB ReceiverFri May 22 01:25:48 CEST 2015 DEBUG:1 : USB ReceiverFri May 22 01:25:49 CEST 2015 DEBUG:class org.newdawn.slick.opengl.PNGImageData failed to read the dataFri May 22 01:26:45 CEST 2015 DEBUG:Slick Build #237
Fri May 22 01:26:45 CEST 2015 DEBUG:LWJGL Version: 2.9.2
Fri May 22 01:26:45 CEST 2015 DEBUG:OriginalDisplayMode: 1600 x 900 x 32 @60Hz
Fri May 22 01:26:45 CEST 2015 DEBUG:TargetDisplayMode: 1056 x 640 x 0 @0Hz
Fri May 22 01:26:45 CEST 2015 DEBUG:Starting display 1056x640
Fri May 22 01:26:45 CEST 2015 DEBUG:Use Java PNG Loader = true
Fri May 22 01:26:46 CEST 2015 DEBUG:Found 2 controllers
Fri May 22 01:26:46 CEST 2015 DEBUG:0 : USB Receiver
Fri May 22 01:26:46 CEST 2015 DEBUG:1 : USB Receiver
Fri May 22 01:26:46 CEST 2015 DEBUG:class org.newdawn.slick.opengl.PNGImageData failed to read the data
Fri May 22 01:27:09 CEST 2015 DEBUG:Slick Build #237
Fri May 22 01:27:09 CEST 2015 DEBUG:LWJGL Version: 2.9.2
Fri May 22 01:27:09 CEST 2015 DEBUG:OriginalDisplayMode: 1600 x 900 x 32 @60Hz
Fri May 22 01:27:09 CEST 2015 DEBUG:TargetDisplayMode: 1056 x 640 x 0 @0Hz
Fri May 22 01:27:09 CEST 2015 DEBUG:Starting display 1056x640
Fri May 22 01:27:10 CEST 2015 DEBUG:Use Java PNG Loader = true
Fri May 22 01:27:10 CEST 2015 DEBUG:Found 2 controllers
Fri May 22 01:27:10 CEST 2015 DEBUG:0 : USB Receiver
Fri May 22 01:27:10 CEST 2015 DEBUG:1 : USB Receiver
Fri May 22 01:27:10 CEST 2015 DEBUG:class org.newdawn.slick.opengl.PNGImageData failed to read the data
Fri May 22 01:33:04 CEST 2015 DEBUG:Slick Build #237
Fri May 22 01:33:04 CEST 2015 DEBUG:LWJGL Version: 2.9.2
Fri May 22 01:33:04 CEST 2015 DEBUG:OriginalDisplayMode: 1600 x 900 x 32 @60Hz
Fri May 22 01:33:04 CEST 2015 DEBUG:TargetDisplayMode: 1056 x 640 x 0 @0Hz
Fri May 22 01:33:05 CEST 2015 DEBUG:Starting display 1056x640
Fri May 22 01:33:05 CEST 2015 DEBUG:Use Java PNG Loader = true
Fri May 22 01:33:05 CEST 2015 DEBUG:Found 2 controllers
Fri May 22 01:33:05 CEST 2015 DEBUG:0 : USB Receiver
Fri May 22 01:33:05 CEST 2015 DEBUG:1 : USB Receiver
Fri May 22 01:33:05 CEST 2015 DEBUG:class org.newdawn.slick.opengl.PNGImageData failed to read the data
Fri May 22 01:36:06 CEST 2015 DEBUG:Slick Build #237
Fri May 22 01:36:06 CEST 2015 DEBUG:LWJGL Version: 2.9.2
Fri May 22 01:36:06 CEST 2015 DEBUG:OriginalDisplayMode: 1600 x 900 x 32 @60Hz
Fri May 22 01:36:06 CEST 2015 DEBUG:TargetDisplayMode: 1056 x 640 x 0 @0Hz
Fri May 22 01:36:07 CEST 2015 DEBUG:Starting display 1056x640
Fri May 22 01:36:07 CEST 2015 DEBUG:Use Java PNG Loader = true
Fri May 22 01:36:07 CEST 2015 DEBUG:Found 2 controllers
Fri May 22 01:36:07 CEST 2015 DEBUG:0 : USB Receiver
Fri May 22 01:36:07 CEST 2015 DEBUG:1 : USB Receiver
Fri May 22 01:36:07 CEST 2015 DEBUG:class org.newdawn.slick.opengl.PNGImageData failed to read the data
Fri May 22 01:49:17 CEST 2015 DEBUG:Slick Build #237
Fri May 22 01:49:17 CEST 2015 DEBUG:LWJGL Version: 2.9.2
Fri May 22 01:49:17 CEST 2015 DEBUG:OriginalDisplayMode: 1600 x 900 x 32 @60Hz
Fri May 22 01:49:17 CEST 2015 DEBUG:TargetDisplayMode: 1056 x 640 x 0 @0Hz
Fri May 22 01:49:18 CEST 2015 DEBUG:Starting display 1056x640
Fri May 22 01:49:18 CEST 2015 DEBUG:Use Java PNG Loader = true
Fri May 22 01:49:19 CEST 2015 DEBUG:Found 2 controllers
Fri May 22 01:49:19 CEST 2015 DEBUG:0 : USB Receiver
Fri May 22 01:49:19 CEST 2015 DEBUG:1 : USB Receiver
Fri May 22 01:49:19 CEST 2015 DEBUG:class org.newdawn.slick.opengl.PNGImageData failed to read the data
Fri May 22 01:50:03 CEST 2015 DEBUG:Slick Build #237
Fri May 22 01:50:03 CEST 2015 DEBUG:LWJGL Version: 2.9.2
Fri May 22 01:50:03 CEST 2015 DEBUG:OriginalDisplayMode: 1600 x 900 x 32 @60Hz
Fri May 22 01:50:03 CEST 2015 DEBUG:TargetDisplayMode: 1056 x 640 x 0 @0Hz
Fri May 22 01:50:04 CEST 2015 DEBUG:Starting display 1056x640
Fri May 22 01:50:04 CEST 2015 DEBUG:Use Java PNG Loader = true
Fri May 22 01:50:05 CEST 2015 DEBUG:Found 2 controllers
Fri May 22 01:50:05 CEST 2015 DEBUG:0 : USB Receiver
Fri May 22 01:50:05 CEST 2015 DEBUG:1 : USB Receiver
Fri May 22 01:50:05 CEST 2015 DEBUG:class org.newdawn.slick.opengl.PNGImageData failed to read the data
Fri May 22 01:50:40 CEST 2015 DEBUG:Slick Build #237
Fri May 22 01:50:40 CEST 2015 DEBUG:LWJGL Version: 2.9.2
Fri May 22 01:50:40 CEST 2015 DEBUG:OriginalDisplayMode: 1600 x 900 x 32 @60Hz
Fri May 22 01:50:40 CEST 2015 DEBUG:TargetDisplayMode: 1056 x 640 x 0 @0Hz
Fri May 22 01:50:41 CEST 2015 DEBUG:Starting display 1056x640
Fri May 22 01:50:41 CEST 2015 DEBUG:Use Java PNG Loader = true
Fri May 22 01:50:41 CEST 2015 DEBUG:Found 2 controllers
Fri May 22 01:50:41 CEST 2015 DEBUG:0 : USB Receiver
Fri May 22 01:50:41 CEST 2015 DEBUG:1 : USB Receiver
Fri May 22 01:50:42 CEST 2015 DEBUG:class org.newdawn.slick.opengl.PNGImageData failed to read the data
Fri May 22 01:50:50 CEST 2015 DEBUG:Slick Build #237
Fri May 22 01:50:50 CEST 2015 DEBUG:LWJGL Version: 2.9.2
Fri May 22 01:50:50 CEST 2015 DEBUG:OriginalDisplayMode: 1600 x 900 x 32 @60Hz
Fri May 22 01:50:50 CEST 2015 DEBUG:TargetDisplayMode: 1056 x 640 x 0 @0Hz
Fri May 22 01:50:50 CEST 2015 DEBUG:Starting display 1056x640
Fri May 22 01:50:50 CEST 2015 DEBUG:Use Java PNG Loader = true
Fri May 22 01:50:51 CEST 2015 DEBUG:Found 2 controllers
Fri May 22 01:50:51 CEST 2015 DEBUG:0 : USB Receiver
Fri May 22 01:50:51 CEST 2015 DEBUG:1 : USB Receiver
Fri May 22 01:50:51 CEST 2015 DEBUG:class org.newdawn.slick.opengl.PNGImageData failed to read the data
Fri May 22 01:50:56 CEST 2015 DEBUG:Slick Build #237
Fri May 22 01:50:56 CEST 2015 DEBUG:LWJGL Version: 2.9.2
Fri May 22 01:50:56 CEST 2015 DEBUG:OriginalDisplayMode: 1600 x 900 x 32 @60Hz
Fri May 22 01:50:56 CEST 2015 DEBUG:TargetDisplayMode: 1056 x 640 x 0 @0Hz
Fri May 22 01:50:57 CEST 2015 DEBUG:Starting display 1056x640
Fri May 22 01:50:57 CEST 2015 DEBUG:Use Java PNG Loader = true
Fri May 22 01:50:57 CEST 2015 DEBUG:Found 2 controllers
Fri May 22 01:50:57 CEST 2015 DEBUG:0 : USB Receiver
Fri May 22 01:50:57 CEST 2015 DEBUG:1 : USB Receiver
Fri May 22 01:50:57 CEST 2015 DEBUG:class org.newdawn.slick.opengl.PNGImageData failed to read the data
Fri May 22 01:52:21 CEST 2015 DEBUG:Slick Build #237
Fri May 22 01:52:21 CEST 2015 DEBUG:LWJGL Version: 2.9.2
Fri May 22 01:52:21 CEST 2015 DEBUG:OriginalDisplayMode: 1600 x 900 x 32 @60Hz
Fri May 22 01:52:21 CEST 2015 DEBUG:TargetDisplayMode: 1056 x 640 x 0 @0Hz
Fri May 22 01:52:22 CEST 2015 DEBUG:Starting display 1056x640
Fri May 22 01:52:22 CEST 2015 DEBUG:Use Java PNG Loader = true
Fri May 22 01:52:22 CEST 2015 DEBUG:Found 2 controllers
Fri May 22 01:52:22 CEST 2015 DEBUG:0 : USB Receiver
Fri May 22 01:52:22 CEST 2015 DEBUG:1 : USB Receiver
Fri May 22 01:52:22 CEST 2015 DEBUG:class org.newdawn.slick.opengl.PNGImageData failed to read the data
Fri May 22 01:52:32 CEST 2015 DEBUG:Slick Build #237
Fri May 22 01:52:32 CEST 2015 DEBUG:LWJGL Version: 2.9.2
Fri May 22 01:52:32 CEST 2015 DEBUG:OriginalDisplayMode: 1600 x 900 x 32 @60Hz
Fri May 22 01:52:32 CEST 2015 DEBUG:TargetDisplayMode: 1056 x 640 x 0 @0Hz
Fri May 22 01:52:33 CEST 2015 DEBUG:Starting display 1056x640
Fri May 22 01:52:33 CEST 2015 DEBUG:Use Java PNG Loader = true
Fri May 22 01:52:33 CEST 2015 DEBUG:Found 2 controllers
Fri May 22 01:52:33 CEST 2015 DEBUG:0 : USB Receiver
Fri May 22 01:52:33 CEST 2015 DEBUG:1 : USB Receiver
Fri May 22 01:52:33 CEST 2015 DEBUG:class org.newdawn.slick.opengl.PNGImageData failed to read the data
Fri May 22 01:56:24 CEST 2015 DEBUG:Slick Build #237
Fri May 22 01:56:24 CEST 2015 DEBUG:LWJGL Version: 2.9.2
Fri May 22 01:56:24 CEST 2015 DEBUG:OriginalDisplayMode: 1600 x 900 x 32 @60Hz
Fri May 22 01:56:24 CEST 2015 DEBUG:TargetDisplayMode: 1056 x 640 x 0 @0Hz
Fri May 22 01:56:24 CEST 2015 DEBUG:Starting display 1056x640
Fri May 22 01:56:24 CEST 2015 DEBUG:Use Java PNG Loader = true
Fri May 22 01:56:25 CEST 2015 DEBUG:Found 2 controllers
Fri May 22 01:56:25 CEST 2015 DEBUG:0 : USB Receiver
Fri May 22 01:56:25 CEST 2015 DEBUG:1 : USB Receiver
Fri May 22 01:56:25 CEST 2015 DEBUG:class org.newdawn.slick.opengl.PNGImageData failed to read the data
Fri May 22 01:56:54 CEST 2015 DEBUG:Slick Build #237
Fri May 22 01:56:54 CEST 2015 DEBUG:LWJGL Version: 2.9.2
Fri May 22 01:56:54 CEST 2015 DEBUG:OriginalDisplayMode: 1600 x 900 x 32 @60Hz
Fri May 22 01:56:54 CEST 2015 DEBUG:TargetDisplayMode: 1056 x 640 x 0 @0Hz
Fri May 22 01:56:54 CEST 2015 DEBUG:Starting display 1056x640
Fri May 22 01:56:54 CEST 2015 DEBUG:Use Java PNG Loader = true
Fri May 22 01:56:55 CEST 2015 DEBUG:Found 2 controllers
Fri May 22 01:56:55 CEST 2015 DEBUG:0 : USB Receiver
Fri May 22 01:56:55 CEST 2015 DEBUG:1 : USB Receiver
Fri May 22 01:56:55 CEST 2015 DEBUG:class org.newdawn.slick.opengl.PNGImageData failed to read the data
Fri May 22 01:57:02 CEST 2015 DEBUG:Slick Build #237
Fri May 22 01:57:02 CEST 2015 DEBUG:LWJGL Version: 2.9.2
Fri May 22 01:57:02 CEST 2015 DEBUG:OriginalDisplayMode: 1600 x 900 x 32 @60Hz
Fri May 22 01:57:02 CEST 2015 DEBUG:TargetDisplayMode: 1056 x 640 x 0 @0Hz
Fri May 22 01:57:03 CEST 2015 DEBUG:Starting display 1056x640
Fri May 22 01:57:03 CEST 2015 DEBUG:Use Java PNG Loader = true
Fri May 22 01:57:03 CEST 2015 DEBUG:Found 2 controllers
Fri May 22 01:57:03 CEST 2015 DEBUG:0 : USB Receiver
Fri May 22 01:57:03 CEST 2015 DEBUG:1 : USB Receiver
Fri May 22 01:57:03 CEST 2015 DEBUG:class org.newdawn.slick.opengl.PNGImageData failed to read the data
Fri May 22 01:57:34 CEST 2015 DEBUG:Slick Build #237
Fri May 22 01:57:34 CEST 2015 DEBUG:LWJGL Version: 2.9.2
Fri May 22 01:57:34 CEST 2015 DEBUG:OriginalDisplayMode: 1600 x 900 x 32 @60Hz
Fri May 22 01:57:34 CEST 2015 DEBUG:TargetDisplayMode: 1056 x 640 x 0 @0Hz
Fri May 22 01:57:34 CEST 2015 DEBUG:Starting display 1056x640
Fri May 22 01:57:34 CEST 2015 DEBUG:Use Java PNG Loader = true
Fri May 22 01:57:35 CEST 2015 DEBUG:Found 2 controllers
Fri May 22 01:57:35 CEST 2015 DEBUG:0 : USB Receiver
Fri May 22 01:57:35 CEST 2015 DEBUG:1 : USB Receiver
Fri May 22 01:57:35 CEST 2015 DEBUG:class org.newdawn.slick.opengl.PNGImageData failed to read the data
Fri May 22 01:58:34 CEST 2015 DEBUG:Slick Build #237
Fri May 22 01:58:34 CEST 2015 DEBUG:LWJGL Version: 2.9.2
Fri May 22 01:58:34 CEST 2015 DEBUG:OriginalDisplayMode: 1600 x 900 x 32 @60Hz
Fri May 22 01:58:34 CEST 2015 DEBUG:TargetDisplayMode: 1056 x 640 x 0 @0Hz
Fri May 22 01:58:34 CEST 2015 DEBUG:Starting display 1056x640
Fri May 22 01:58:34 CEST 2015 DEBUG:Use Java PNG Loader = true
Fri May 22 01:58:35 CEST 2015 DEBUG:Found 2 controllers
Fri May 22 01:58:35 CEST 2015 DEBUG:0 : USB Receiver
Fri May 22 01:58:35 CEST 2015 DEBUG:1 : USB Receiver
Fri May 22 01:58:35 CEST 2015 DEBUG:class org.newdawn.slick.opengl.PNGImageData failed to read the data
Fri May 22 02:01:22 CEST 2015 DEBUG:Slick Build #237
Fri May 22 02:01:22 CEST 2015 DEBUG:LWJGL Version: 2.9.2
Fri May 22 02:01:22 CEST 2015 DEBUG:OriginalDisplayMode: 1600 x 900 x 32 @60Hz
Fri May 22 02:01:22 CEST 2015 DEBUG:TargetDisplayMode: 1056 x 640 x 0 @0Hz
Fri May 22 02:01:23 CEST 2015 DEBUG:Starting display 1056x640
Fri May 22 02:01:23 CEST 2015 DEBUG:Use Java PNG Loader = true
Fri May 22 02:01:23 CEST 2015 DEBUG:Found 2 controllers
Fri May 22 02:01:23 CEST 2015 DEBUG:0 : USB Receiver
Fri May 22 02:01:23 CEST 2015 DEBUG:1 : USB Receiver
Fri May 22 02:01:23 CEST 2015 DEBUG:class org.newdawn.slick.opengl.PNGImageData failed to read the data
Fri May 22 02:09:35 CEST 2015 DEBUG:Slick Build #237
Fri May 22 02:09:35 CEST 2015 DEBUG:LWJGL Version: 2.9.2
Fri May 22 02:09:35 CEST 2015 DEBUG:OriginalDisplayMode: 1600 x 900 x 32 @60Hz
Fri May 22 02:09:35 CEST 2015 DEBUG:TargetDisplayMode: 1056 x 640 x 0 @0Hz
Fri May 22 02:09:36 CEST 2015 DEBUG:Starting display 1056x640
Fri May 22 02:09:36 CEST 2015 DEBUG:Use Java PNG Loader = true
Fri May 22 02:09:36 CEST 2015 DEBUG:Found 2 controllers
Fri May 22 02:09:36 CEST 2015 DEBUG:0 : USB Receiver
Fri May 22 02:09:36 CEST 2015 DEBUG:1 : USB Receiver
Fri May 22 02:09:36 CEST 2015 DEBUG:class org.newdawn.slick.opengl.PNGImageData failed to read the data
Fri May 22 02:14:47 CEST 2015 DEBUG:Slick Build #237
Fri May 22 02:14:47 CEST 2015 DEBUG:LWJGL Version: 2.9.2
Fri May 22 02:14:47 CEST 2015 DEBUG:OriginalDisplayMode: 1600 x 900 x 32 @60Hz
Fri May 22 02:14:47 CEST 2015 DEBUG:TargetDisplayMode: 1056 x 640 x 0 @0Hz
Fri May 22 02:14:47 CEST 2015 DEBUG:Starting display 1056x640
Fri May 22 02:14:47 CEST 2015 DEBUG:Use Java PNG Loader = true
Fri May 22 02:14:48 CEST 2015 DEBUG:Found 2 controllers
Fri May 22 02:14:48 CEST 2015 DEBUG:0 : USB Receiver
Fri May 22 02:14:48 CEST 2015 DEBUG:1 : USB Receiver
Fri May 22 02:14:48 CEST 2015 DEBUG:class org.newdawn.slick.opengl.PNGImageData failed to read the data
Fri May 22 02:15:21 CEST 2015 DEBUG:Slick Build #237
Fri May 22 02:15:21 CEST 2015 DEBUG:LWJGL Version: 2.9.2
Fri May 22 02:15:21 CEST 2015 DEBUG:OriginalDisplayMode: 1600 x 900 x 32 @60Hz
Fri May 22 02:15:21 CEST 2015 DEBUG:TargetDisplayMode: 1056 x 640 x 0 @0Hz
Fri May 22 02:15:22 CEST 2015 DEBUG:Starting display 1056x640
Fri May 22 02:15:22 CEST 2015 DEBUG:Use Java PNG Loader = true
Fri May 22 02:15:22 CEST 2015 DEBUG:Found 2 controllers
Fri May 22 02:15:22 CEST 2015 DEBUG:0 : USB Receiver
Fri May 22 02:15:22 CEST 2015 DEBUG:1 : USB Receiver
Fri May 22 02:15:22 CEST 2015 DEBUG:class org.newdawn.slick.opengl.PNGImageData failed to read the data
Fri May 22 02:15:57 CEST 2015 DEBUG:Slick Build #237
Fri May 22 02:15:57 CEST 2015 DEBUG:LWJGL Version: 2.9.2
Fri May 22 02:15:57 CEST 2015 DEBUG:OriginalDisplayMode: 1600 x 900 x 32 @60Hz
Fri May 22 02:15:57 CEST 2015 DEBUG:TargetDisplayMode: 1056 x 640 x 0 @0Hz
Fri May 22 02:15:57 CEST 2015 DEBUG:Starting display 1056x640
Fri May 22 02:15:57 CEST 2015 DEBUG:Use Java PNG Loader = true
Fri May 22 02:15:58 CEST 2015 DEBUG:Found 2 controllers
Fri May 22 02:15:58 CEST 2015 DEBUG:0 : USB Receiver
Fri May 22 02:15:58 CEST 2015 DEBUG:1 : USB Receiver
Fri May 22 02:15:58 CEST 2015 DEBUG:class org.newdawn.slick.opengl.PNGImageData failed to read the data
Fri May 22 02:16:12 CEST 2015 DEBUG:Slick Build #237
Fri May 22 02:16:12 CEST 2015 DEBUG:LWJGL Version: 2.9.2
Fri May 22 02:16:12 CEST 2015 DEBUG:OriginalDisplayMode: 1600 x 900 x 32 @60Hz
Fri May 22 02:16:12 CEST 2015 DEBUG:TargetDisplayMode: 1056 x 640 x 0 @0Hz
Fri May 22 02:16:13 CEST 2015 DEBUG:Starting display 1056x640
Fri May 22 02:16:13 CEST 2015 DEBUG:Use Java PNG Loader = true
Fri May 22 02:16:13 CEST 2015 DEBUG:Found 2 controllers
Fri May 22 02:16:13 CEST 2015 DEBUG:0 : USB Receiver
Fri May 22 02:16:13 CEST 2015 DEBUG:1 : USB Receiver
Fri May 22 02:16:13 CEST 2015 DEBUG:class org.newdawn.slick.opengl.PNGImageData failed to read the data
Fri May 22 02:16:21 CEST 2015 DEBUG:Slick Build #237
Fri May 22 02:16:21 CEST 2015 DEBUG:LWJGL Version: 2.9.2
Fri May 22 02:16:21 CEST 2015 DEBUG:OriginalDisplayMode: 1600 x 900 x 32 @60Hz
Fri May 22 02:16:21 CEST 2015 DEBUG:TargetDisplayMode: 1056 x 640 x 0 @0Hz
Fri May 22 02:16:21 CEST 2015 DEBUG:Starting display 1056x640
Fri May 22 02:16:21 CEST 2015 DEBUG:Use Java PNG Loader = true
Fri May 22 02:16:22 CEST 2015 DEBUG:Found 2 controllers
Fri May 22 02:16:22 CEST 2015 DEBUG:0 : USB Receiver
Fri May 22 02:16:22 CEST 2015 DEBUG:1 : USB Receiver
Fri May 22 02:16:22 CEST 2015 DEBUG:class org.newdawn.slick.opengl.PNGImageData failed to read the data
