Sun May 31 22:17:05 CEST 2015 DEBUG:Slick Build #237
Sun May 31 22:17:05 CEST 2015 DEBUG:LWJGL Version: 2.9.2
Sun May 31 22:17:05 CEST 2015 DEBUG:OriginalDisplayMode: 1600 x 900 x 32 @60Hz
Sun May 31 22:17:05 CEST 2015 DEBUG:TargetDisplayMode: 1056 x 640 x 0 @0Hz
Sun May 31 22:17:05 CEST 2015 DEBUG:Starting display 1056x640
Sun May 31 22:17:05 CEST 2015 DEBUG:Use Java PNG Loader = true
Sun May 31 22:17:06 CEST 2015 DEBUG:Found 2 controllers
Sun May 31 22:17:06 CEST 2015 DEBUG:0 : USB Receiver
Sun May 31 22:17:06 CEST 2015 DEBUG:1 : USB Receiver
Sun May 31 22:19:36 CEST 2015 DEBUG:Slick Build #237
Sun May 31 22:19:36 CEST 2015 DEBUG:LWJGL Version: 2.9.2
Sun May 31 22:19:36 CEST 2015 DEBUG:OriginalDisplayMode: 1600 x 900 x 32 @60Hz
Sun May 31 22:19:36 CEST 2015 DEBUG:TargetDisplayMode: 1056 x 640 x 0 @0Hz
Sun May 31 22:19:36 CEST 2015 DEBUG:Starting display 1056x640
Sun May 31 22:19:36 CEST 2015 DEBUG:Use Java PNG Loader = true
Sun May 31 22:19:36 CEST 2015 DEBUG:Found 2 controllers
Sun May 31 22:19:36 CEST 2015 DEBUG:0 : USB Receiver
Sun May 31 22:19:36 CEST 2015 DEBUG:1 : USB Receiver
Mon Jun 01 09:48:15 CEST 2015 DEBUG:Slick Build #237
Mon Jun 01 09:48:15 CEST 2015 DEBUG:LWJGL Version: 2.9.2
Mon Jun 01 09:48:15 CEST 2015 DEBUG:OriginalDisplayMode: 1600 x 900 x 32 @60Hz
Mon Jun 01 09:48:15 CEST 2015 DEBUG:TargetDisplayMode: 1056 x 640 x 0 @0Hz
Mon Jun 01 09:48:16 CEST 2015 DEBUG:Starting display 1056x640
Mon Jun 01 09:48:16 CEST 2015 DEBUG:Use Java PNG Loader = true
Mon Jun 01 09:48:16 CEST 2015 DEBUG:Found 2 controllers
Mon Jun 01 09:48:16 CEST 2015 DEBUG:0 : USB Receiver
Mon Jun 01 09:48:16 CEST 2015 DEBUG:1 : USB Receiver
Mon Jun 01 10:52:37 CEST 2015 DEBUG:Slick Build #237
Mon Jun 01 10:52:37 CEST 2015 DEBUG:LWJGL Version: 2.9.2
Mon Jun 01 10:52:37 CEST 2015 DEBUG:OriginalDisplayMode: 1600 x 900 x 32 @60Hz
Mon Jun 01 10:52:37 CEST 2015 DEBUG:TargetDisplayMode: 1056 x 640 x 0 @0Hz
Mon Jun 01 10:52:38 CEST 2015 DEBUG:Starting display 1056x640
Mon Jun 01 10:52:38 CEST 2015 DEBUG:Use Java PNG Loader = true
Mon Jun 01 10:52:38 CEST 2015 DEBUG:Found 2 controllers
Mon Jun 01 10:52:38 CEST 2015 DEBUG:0 : USB Receiver
Mon Jun 01 10:52:38 CEST 2015 DEBUG:1 : USB Receiver
Mon Jun 01 12:36:31 CEST 2015 DEBUG:Slick Build #237
Mon Jun 01 12:36:31 CEST 2015 DEBUG:LWJGL Version: 2.9.2
Mon Jun 01 12:36:31 CEST 2015 DEBUG:OriginalDisplayMode: 1600 x 900 x 32 @60Hz
Mon Jun 01 12:36:31 CEST 2015 DEBUG:TargetDisplayMode: 1056 x 640 x 0 @0Hz
Mon Jun 01 12:36:31 CEST 2015 DEBUG:Starting display 1056x640
Mon Jun 01 12:36:31 CEST 2015 DEBUG:Use Java PNG Loader = true
Mon Jun 01 12:36:32 CEST 2015 DEBUG:Found 2 controllers
Mon Jun 01 12:36:32 CEST 2015 DEBUG:0 : USB Receiver
Mon Jun 01 12:36:32 CEST 2015 DEBUG:1 : USB Receiver
Mon Jun 01 12:38:22 CEST 2015 DEBUG:Slick Build #237
Mon Jun 01 12:38:22 CEST 2015 DEBUG:LWJGL Version: 2.9.2
Mon Jun 01 12:38:22 CEST 2015 DEBUG:OriginalDisplayMode: 1600 x 900 x 32 @60Hz
Mon Jun 01 12:38:22 CEST 2015 DEBUG:TargetDisplayMode: 1056 x 640 x 0 @0Hz
Mon Jun 01 12:38:22 CEST 2015 DEBUG:Starting display 1056x640
Mon Jun 01 12:38:22 CEST 2015 DEBUG:Use Java PNG Loader = true
Mon Jun 01 12:38:23 CEST 2015 DEBUG:Found 2 controllers
Mon Jun 01 12:38:23 CEST 2015 DEBUG:0 : USB Receiver
Mon Jun 01 12:38:23 CEST 2015 DEBUG:1 : USB Receiver
Mon Jun 01 13:46:53 CEST 2015 DEBUG:Slick Build #237
Mon Jun 01 13:46:53 CEST 2015 DEBUG:LWJGL Version: 2.9.2
Mon Jun 01 13:46:53 CEST 2015 DEBUG:OriginalDisplayMode: 1600 x 900 x 32 @60Hz
Mon Jun 01 13:46:53 CEST 2015 DEBUG:TargetDisplayMode: 1056 x 640 x 0 @0Hz
Mon Jun 01 13:46:53 CEST 2015 DEBUG:Starting display 1056x640
Mon Jun 01 13:46:53 CEST 2015 DEBUG:Use Java PNG Loader = true
Mon Jun 01 13:46:54 CEST 2015 DEBUG:Found 2 controllers
Mon Jun 01 13:46:54 CEST 2015 DEBUG:0 : USB Receiver
Mon Jun 01 13:46:54 CEST 2015 DEBUG:1 : USB Receiver
Mon Jun 01 13:46:59 CEST 2015 DEBUG:Slick Build #237
Mon Jun 01 13:46:59 CEST 2015 DEBUG:LWJGL Version: 2.9.2
Mon Jun 01 13:46:59 CEST 2015 DEBUG:OriginalDisplayMode: 1600 x 900 x 32 @60Hz
Mon Jun 01 13:46:59 CEST 2015 DEBUG:TargetDisplayMode: 1056 x 640 x 0 @0Hz
Mon Jun 01 13:46:59 CEST 2015 DEBUG:Starting display 1056x640
Mon Jun 01 13:46:59 CEST 2015 DEBUG:Use Java PNG Loader = true
Mon Jun 01 13:47:00 CEST 2015 DEBUG:Found 2 controllers
Mon Jun 01 13:47:00 CEST 2015 DEBUG:0 : USB Receiver
Mon Jun 01 13:47:00 CEST 2015 DEBUG:1 : USB Receiver
Mon Jun 01 13:47:06 CEST 2015 DEBUG:Slick Build #237
Mon Jun 01 13:47:06 CEST 2015 DEBUG:LWJGL Version: 2.9.2
Mon Jun 01 13:47:06 CEST 2015 DEBUG:OriginalDisplayMode: 1600 x 900 x 32 @60Hz
Mon Jun 01 13:47:06 CEST 2015 DEBUG:TargetDisplayMode: 1056 x 640 x 0 @0Hz
Mon Jun 01 13:47:06 CEST 2015 DEBUG:Starting display 1056x640
Mon Jun 01 13:47:06 CEST 2015 DEBUG:Use Java PNG Loader = true
Mon Jun 01 13:47:07 CEST 2015 DEBUG:Found 2 controllers
Mon Jun 01 13:47:07 CEST 2015 DEBUG:0 : USB Receiver
Mon Jun 01 13:47:07 CEST 2015 DEBUG:1 : USB Receiver
Mon Jun 01 13:47:14 CEST 2015 DEBUG:Slick Build #237
Mon Jun 01 13:47:14 CEST 2015 DEBUG:LWJGL Version: 2.9.2
Mon Jun 01 13:47:14 CEST 2015 DEBUG:OriginalDisplayMode: 1600 x 900 x 32 @60Hz
Mon Jun 01 13:47:14 CEST 2015 DEBUG:TargetDisplayMode: 1056 x 640 x 0 @0Hz
Mon Jun 01 13:47:14 CEST 2015 DEBUG:Starting display 1056x640
Mon Jun 01 13:47:14 CEST 2015 DEBUG:Use Java PNG Loader = true
Mon Jun 01 13:47:15 CEST 2015 DEBUG:Found 2 controllers
Mon Jun 01 13:47:15 CEST 2015 DEBUG:0 : USB Receiver
Mon Jun 01 13:47:15 CEST 2015 DEBUG:1 : USB Receiver
Mon Jun 01 13:47:56 CEST 2015 DEBUG:Slick Build #237
Mon Jun 01 13:47:56 CEST 2015 DEBUG:LWJGL Version: 2.9.2
Mon Jun 01 13:47:56 CEST 2015 DEBUG:OriginalDisplayMode: 1600 x 900 x 32 @60Hz
Mon Jun 01 13:47:56 CEST 2015 DEBUG:TargetDisplayMode: 1056 x 640 x 0 @0Hz
Mon Jun 01 13:47:57 CEST 2015 DEBUG:Starting display 1056x640
Mon Jun 01 13:47:57 CEST 2015 DEBUG:Use Java PNG Loader = true
Mon Jun 01 13:47:57 CEST 2015 DEBUG:Found 2 controllers
Mon Jun 01 13:47:57 CEST 2015 DEBUG:0 : USB Receiver
Mon Jun 01 13:47:57 CEST 2015 DEBUG:1 : USB Receiver
Mon Jun 01 13:49:15 CEST 2015 DEBUG:Slick Build #237
Mon Jun 01 13:49:15 CEST 2015 DEBUG:LWJGL Version: 2.9.2
Mon Jun 01 13:49:15 CEST 2015 DEBUG:OriginalDisplayMode: 1600 x 900 x 32 @60Hz
Mon Jun 01 13:49:15 CEST 2015 DEBUG:TargetDisplayMode: 1056 x 640 x 0 @0Hz
Mon Jun 01 13:49:16 CEST 2015 DEBUG:Starting display 1056x640
Mon Jun 01 13:49:16 CEST 2015 DEBUG:Use Java PNG Loader = true
Mon Jun 01 13:49:16 CEST 2015 DEBUG:Found 2 controllers
Mon Jun 01 13:49:16 CEST 2015 DEBUG:0 : USB Receiver
Mon Jun 01 13:49:16 CEST 2015 DEBUG:1 : USB Receiver
Mon Jun 01 13:49:53 CEST 2015 DEBUG:Slick Build #237
Mon Jun 01 13:49:53 CEST 2015 DEBUG:LWJGL Version: 2.9.2
Mon Jun 01 13:49:53 CEST 2015 DEBUG:OriginalDisplayMode: 1600 x 900 x 32 @60Hz
Mon Jun 01 13:49:53 CEST 2015 DEBUG:TargetDisplayMode: 1056 x 640 x 0 @0Hz
Mon Jun 01 13:49:53 CEST 2015 DEBUG:Starting display 1056x640
Mon Jun 01 13:49:53 CEST 2015 DEBUG:Use Java PNG Loader = true
Mon Jun 01 13:49:54 CEST 2015 DEBUG:Found 2 controllers
Mon Jun 01 13:49:54 CEST 2015 DEBUG:0 : USB Receiver
Mon Jun 01 13:49:54 CEST 2015 DEBUG:1 : USB Receiver
Thu Jun 11 20:45:55 CEST 2015 DEBUG:Slick Build #237
Thu Jun 11 20:45:55 CEST 2015 DEBUG:LWJGL Version: 2.9.2
Thu Jun 11 20:45:55 CEST 2015 DEBUG:OriginalDisplayMode: 1600 x 900 x 32 @60Hz
Thu Jun 11 20:45:55 CEST 2015 DEBUG:TargetDisplayMode: 1056 x 640 x 0 @0Hz
Thu Jun 11 20:45:56 CEST 2015 DEBUG:Starting display 1056x640
Thu Jun 11 20:45:56 CEST 2015 DEBUG:Use Java PNG Loader = true
Thu Jun 11 20:45:57 CEST 2015 DEBUG:Found 3 controllers
Thu Jun 11 20:45:57 CEST 2015 DEBUG:0 : USB Receiver
Thu Jun 11 20:45:57 CEST 2015 DEBUG:1 : USB Receiver
Thu Jun 11 20:45:57 CEST 2015 DEBUG:2 : HID Interface
Thu Jun 11 20:47:33 CEST 2015 DEBUG:Slick Build #237
Thu Jun 11 20:47:34 CEST 2015 DEBUG:LWJGL Version: 2.9.2
Thu Jun 11 20:47:34 CEST 2015 DEBUG:OriginalDisplayMode: 1600 x 900 x 32 @60Hz
Thu Jun 11 20:47:34 CEST 2015 DEBUG:TargetDisplayMode: 1056 x 640 x 0 @0Hz
Thu Jun 11 20:47:34 CEST 2015 DEBUG:Starting display 1056x640
Thu Jun 11 20:47:34 CEST 2015 DEBUG:Use Java PNG Loader = true
Thu Jun 11 20:47:35 CEST 2015 DEBUG:Found 3 controllers
Thu Jun 11 20:47:35 CEST 2015 DEBUG:0 : USB Receiver
Thu Jun 11 20:47:35 CEST 2015 DEBUG:1 : USB Receiver
Thu Jun 11 20:47:35 CEST 2015 DEBUG:2 : HID Interface
Thu Jun 11 20:49:33 CEST 2015 DEBUG:Slick Build #237
Thu Jun 11 20:49:33 CEST 2015 DEBUG:LWJGL Version: 2.9.2
Thu Jun 11 20:49:33 CEST 2015 DEBUG:OriginalDisplayMode: 1600 x 900 x 32 @60Hz
Thu Jun 11 20:49:33 CEST 2015 DEBUG:TargetDisplayMode: 1056 x 640 x 0 @0Hz
Thu Jun 11 20:49:33 CEST 2015 DEBUG:Starting display 1056x640
Thu Jun 11 20:49:33 CEST 2015 DEBUG:Use Java PNG Loader = true
Thu Jun 11 20:49:34 CEST 2015 DEBUG:Found 3 controllers
Thu Jun 11 20:49:34 CEST 2015 DEBUG:0 : USB Receiver
Thu Jun 11 20:49:34 CEST 2015 DEBUG:1 : USB Receiver
Thu Jun 11 20:49:34 CEST 2015 DEBUG:2 : HID Interface
